/COM,ANSYS RELEASE 2020 R1           BUILD 20.1      UP20191203       15:56:12

 *** WARNING ***                         CP =       0.766   TIME= 15:56:14
 Element shape checking is currently inactive.  Issue SHPP,ON or         
 SHPP,WARN to reactivate, if desired.                                    

 *** WARNING ***                         CP =       0.953   TIME= 15:56:14
 Material number 2 (used by element 22263) should normally have at least 
 one MP or one TB type command associated with it.  Output of energy by  
 material may not be available.                                          

 *** WARNING ***                         CP =       3.391   TIME= 15:56:16
 Material number 2 (used by element 22263) should normally have at least 
 one MP or one TB type command associated with it.  Output of energy by  
 material may not be available.                                          

 *** WARNING ***                         CP =       8.344   TIME= 15:56:21
 Material number 2 (used by element 22263) should normally have at least 
 one MP or one TB type command associated with it.  Output of energy by  
 material may not be available.                                          

 *** WARNING ***                         CP =      12.703   TIME= 15:56:26
 Material number 2 (used by element 22263) should normally have at least 
 one MP or one TB type command associated with it.  Output of energy by  
 material may not be available.                                          

 *** WARNING ***                         CP =      15.672   TIME= 15:56:29
 Material number 2 (used by element 22263) should normally have at least 
 one MP or one TB type command associated with it.  Output of energy by  
 material may not be available.                                          

 *** WARNING ***                         CP =      22.000   TIME= 15:56:35
 Material number 2 (used by element 22263) should normally have at least 
 one MP or one TB type command associated with it.  Output of energy by  
 material may not be available.                                          
